{"C:\\Projects\\HomeOps\\backend\\src\\server-simple.js": {"path":"C:\\Projects\\HomeOps\\backend\\src\\server-simple.js","statementMap":{"0":{"start":{"line":2,"column":16},"end":{"line":2,"column":34}},"1":{"start":{"line":3,"column":13},"end":{"line":3,"column":28}},"2":{"start":{"line":4,"column":17},"end":{"line":4,"column":41}},"3":{"start":{"line":5,"column":13},"end":{"line":5,"column":28}},"4":{"start":{"line":6,"column":20},"end":{"line":6,"column":40}},"5":{"start":{"line":8,"column":12},"end":{"line":8,"column":21}},"6":{"start":{"line":9,"column":13},"end":{"line":9,"column":37}},"7":{"start":{"line":12,"column":0},"end":{"line":12,"column":16}},"8":{"start":{"line":13,"column":0},"end":{"line":13,"column":24}},"9":{"start":{"line":16,"column":23},"end":{"line":45,"column":1}},"10":{"start":{"line":49,"column":2},"end":{"line":66,"column":3}},"11":{"start":{"line":50,"column":23},"end":{"line":50,"column":75}},"12":{"start":{"line":51,"column":26},"end":{"line":51,"column":47}},"13":{"start":{"line":52,"column":18},"end":{"line":52,"column":37}},"14":{"start":{"line":54,"column":4},"end":{"line":59,"column":6}},"15":{"start":{"line":61,"column":4},"end":{"line":65,"column":6}},"16":{"start":{"line":70,"column":0},"end":{"line":72,"column":3}},"17":{"start":{"line":71,"column":2},"end":{"line":71,"column":85}},"18":{"start":{"line":75,"column":0},"end":{"line":102,"column":3}},"19":{"start":{"line":76,"column":2},"end":{"line":101,"column":3}},"20":{"start":{"line":77,"column":21},"end":{"line":97,"column":5}},"21":{"start":{"line":79,"column":30},"end":{"line":79,"column":70}},"22":{"start":{"line":80,"column":8},"end":{"line":95,"column":10}},"23":{"start":{"line":98,"column":4},"end":{"line":98,"column":23}},"24":{"start":{"line":100,"column":4},"end":{"line":100,"column":51}},"25":{"start":{"line":105,"column":0},"end":{"line":134,"column":3}},"26":{"start":{"line":106,"column":17},"end":{"line":106,"column":27}},"27":{"start":{"line":107,"column":17},"end":{"line":107,"column":35}},"28":{"start":{"line":109,"column":2},"end":{"line":111,"column":3}},"29":{"start":{"line":110,"column":4},"end":{"line":110,"column":64}},"30":{"start":{"line":113,"column":2},"end":{"line":133,"column":3}},"31":{"start":{"line":114,"column":26},"end":{"line":114,"column":66}},"32":{"start":{"line":115,"column":4},"end":{"line":130,"column":7}},"33":{"start":{"line":132,"column":4},"end":{"line":132,"column":51}},"34":{"start":{"line":137,"column":0},"end":{"line":151,"column":3}},"35":{"start":{"line":138,"column":17},"end":{"line":138,"column":27}},"36":{"start":{"line":139,"column":17},"end":{"line":139,"column":35}},"37":{"start":{"line":141,"column":2},"end":{"line":143,"column":3}},"38":{"start":{"line":142,"column":4},"end":{"line":142,"column":64}},"39":{"start":{"line":145,"column":2},"end":{"line":150,"column":3}},"40":{"start":{"line":146,"column":4},"end":{"line":146,"column":58}},"41":{"start":{"line":147,"column":4},"end":{"line":147,"column":79}},"42":{"start":{"line":149,"column":4},"end":{"line":149,"column":67}},"43":{"start":{"line":154,"column":0},"end":{"line":168,"column":3}},"44":{"start":{"line":155,"column":17},"end":{"line":155,"column":27}},"45":{"start":{"line":156,"column":17},"end":{"line":156,"column":35}},"46":{"start":{"line":158,"column":2},"end":{"line":160,"column":3}},"47":{"start":{"line":159,"column":4},"end":{"line":159,"column":64}},"48":{"start":{"line":162,"column":2},"end":{"line":167,"column":3}},"49":{"start":{"line":163,"column":4},"end":{"line":163,"column":57}},"50":{"start":{"line":164,"column":4},"end":{"line":164,"column":79}},"51":{"start":{"line":166,"column":4},"end":{"line":166,"column":67}},"52":{"start":{"line":171,"column":0},"end":{"line":185,"column":3}},"53":{"start":{"line":172,"column":17},"end":{"line":172,"column":27}},"54":{"start":{"line":173,"column":17},"end":{"line":173,"column":35}},"55":{"start":{"line":175,"column":2},"end":{"line":177,"column":3}},"56":{"start":{"line":176,"column":4},"end":{"line":176,"column":64}},"57":{"start":{"line":179,"column":2},"end":{"line":184,"column":3}},"58":{"start":{"line":180,"column":4},"end":{"line":180,"column":60}},"59":{"start":{"line":181,"column":4},"end":{"line":181,"column":81}},"60":{"start":{"line":183,"column":4},"end":{"line":183,"column":67}},"61":{"start":{"line":188,"column":0},"end":{"line":213,"column":3}},"62":{"start":{"line":189,"column":2},"end":{"line":212,"column":3}},"63":{"start":{"line":190,"column":21},"end":{"line":195,"column":5}},"64":{"start":{"line":192,"column":30},"end":{"line":192,"column":70}},"65":{"start":{"line":193,"column":8},"end":{"line":193,"column":29}},"66":{"start":{"line":197,"column":20},"end":{"line":207,"column":5}},"67":{"start":{"line":199,"column":36},"end":{"line":199,"column":58}},"68":{"start":{"line":200,"column":36},"end":{"line":200,"column":58}},"69":{"start":{"line":201,"column":38},"end":{"line":201,"column":62}},"70":{"start":{"line":209,"column":4},"end":{"line":209,"column":22}},"71":{"start":{"line":211,"column":4},"end":{"line":211,"column":51}},"72":{"start":{"line":216,"column":0},"end":{"line":220,"column":3}},"73":{"start":{"line":217,"column":2},"end":{"line":217,"column":70}},"74":{"start":{"line":218,"column":2},"end":{"line":218,"column":73}},"75":{"start":{"line":219,"column":2},"end":{"line":219,"column":79}}},"fnMap":{"0":{"name":"getContainerInfo","decl":{"start":{"line":48,"column":15},"end":{"line":48,"column":31}},"loc":{"start":{"line":48,"column":47},"end":{"line":67,"column":1}},"line":48},"1":{"name":"(anonymous_1)","decl":{"start":{"line":70,"column":19},"end":{"line":70,"column":20}},"loc":{"start":{"line":70,"column":33},"end":{"line":72,"column":1}},"line":70},"2":{"name":"(anonymous_2)","decl":{"start":{"line":75,"column":25},"end":{"line":75,"column":26}},"loc":{"start":{"line":75,"column":45},"end":{"line":102,"column":1}},"line":75},"3":{"name":"(anonymous_3)","decl":{"start":{"line":78,"column":41},"end":{"line":78,"column":42}},"loc":{"start":{"line":78,"column":65},"end":{"line":96,"column":7}},"line":78},"4":{"name":"(anonymous_4)","decl":{"start":{"line":105,"column":29},"end":{"line":105,"column":30}},"loc":{"start":{"line":105,"column":49},"end":{"line":134,"column":1}},"line":105},"5":{"name":"(anonymous_5)","decl":{"start":{"line":137,"column":36},"end":{"line":137,"column":37}},"loc":{"start":{"line":137,"column":56},"end":{"line":151,"column":1}},"line":137},"6":{"name":"(anonymous_6)","decl":{"start":{"line":154,"column":35},"end":{"line":154,"column":36}},"loc":{"start":{"line":154,"column":55},"end":{"line":168,"column":1}},"line":154},"7":{"name":"(anonymous_7)","decl":{"start":{"line":171,"column":38},"end":{"line":171,"column":39}},"loc":{"start":{"line":171,"column":58},"end":{"line":185,"column":1}},"line":171},"8":{"name":"(anonymous_8)","decl":{"start":{"line":188,"column":40},"end":{"line":188,"column":41}},"loc":{"start":{"line":188,"column":60},"end":{"line":213,"column":1}},"line":188},"9":{"name":"(anonymous_9)","decl":{"start":{"line":191,"column":41},"end":{"line":191,"column":42}},"loc":{"start":{"line":191,"column":65},"end":{"line":194,"column":7}},"line":191},"10":{"name":"(anonymous_10)","decl":{"start":{"line":199,"column":31},"end":{"line":199,"column":32}},"loc":{"start":{"line":199,"column":36},"end":{"line":199,"column":58}},"line":199},"11":{"name":"(anonymous_11)","decl":{"start":{"line":200,"column":31},"end":{"line":200,"column":32}},"loc":{"start":{"line":200,"column":36},"end":{"line":200,"column":58}},"line":200},"12":{"name":"(anonymous_12)","decl":{"start":{"line":201,"column":33},"end":{"line":201,"column":34}},"loc":{"start":{"line":201,"column":38},"end":{"line":201,"column":62}},"line":201},"13":{"name":"(anonymous_13)","decl":{"start":{"line":216,"column":17},"end":{"line":216,"column":18}},"loc":{"start":{"line":216,"column":23},"end":{"line":220,"column":1}},"line":216}},"branchMap":{"0":{"loc":{"start":{"line":9,"column":13},"end":{"line":9,"column":37}},"type":"binary-expr","locations":[{"start":{"line":9,"column":13},"end":{"line":9,"column":29}},{"start":{"line":9,"column":33},"end":{"line":9,"column":37}}],"line":9},"1":{"loc":{"start":{"line":55,"column":14},"end":{"line":55,"column":106}},"type":"cond-expr","locations":[{"start":{"line":55,"column":31},"end":{"line":55,"column":93}},{"start":{"line":55,"column":97},"end":{"line":55,"column":106}}],"line":55},"2":{"loc":{"start":{"line":55,"column":31},"end":{"line":55,"column":93}},"type":"cond-expr","locations":[{"start":{"line":55,"column":70},"end":{"line":55,"column":81}},{"start":{"line":55,"column":84},"end":{"line":55,"column":93}}],"line":55},"3":{"loc":{"start":{"line":56,"column":14},"end":{"line":56,"column":47}},"type":"binary-expr","locations":[{"start":{"line":56,"column":14},"end":{"line":56,"column":34}},{"start":{"line":56,"column":38},"end":{"line":56,"column":47}}],"line":56},"4":{"loc":{"start":{"line":58,"column":14},"end":{"line":58,"column":82}},"type":"cond-expr","locations":[{"start":{"line":58,"column":30},"end":{"line":58,"column":78}},{"start":{"line":58,"column":81},"end":{"line":58,"column":82}}],"line":58},"5":{"loc":{"start":{"line":109,"column":2},"end":{"line":111,"column":3}},"type":"if","locations":[{"start":{"line":109,"column":2},"end":{"line":111,"column":3}},{"start":{},"end":{}}],"line":109},"6":{"loc":{"start":{"line":141,"column":2},"end":{"line":143,"column":3}},"type":"if","locations":[{"start":{"line":141,"column":2},"end":{"line":143,"column":3}},{"start":{},"end":{}}],"line":141},"7":{"loc":{"start":{"line":158,"column":2},"end":{"line":160,"column":3}},"type":"if","locations":[{"start":{"line":158,"column":2},"end":{"line":160,"column":3}},{"start":{},"end":{}}],"line":158},"8":{"loc":{"start":{"line":175,"column":2},"end":{"line":177,"column":3}},"type":"if","locations":[{"start":{"line":175,"column":2},"end":{"line":177,"column":3}},{"start":{},"end":{}}],"line":175}},"s":{"0":0,"1":0,"2":0,"3":0,"4":0,"5":0,"6":0,"7":0,"8":0,"9":0,"10":0,"11":0,"12":0,"13":0,"14":0,"15":0,"16":0,"17":0,"18":0,"19":0,"20":0,"21":0,"22":0,"23":0,"24":0,"25":0,"26":0,"27":0,"28":0,"29":0,"30":0,"31":0,"32":0,"33":0,"34":0,"35":0,"36":0,"37":0,"38":0,"39":0,"40":0,"41":0,"42":0,"43":0,"44":0,"45":0,"46":0,"47":0,"48":0,"49":0,"50":0,"51":0,"52":0,"53":0,"54":0,"55":0,"56":0,"57":0,"58":0,"59":0,"60":0,"61":0,"62":0,"63":0,"64":0,"65":0,"66":0,"67":0,"68":0,"69":0,"70":0,"71":0,"72":0,"73":0,"74":0,"75":0},"f":{"0":0,"1":0,"2":0,"3":0,"4":0,"5":0,"6":0,"7":0,"8":0,"9":0,"10":0,"11":0,"12":0,"13":0},"b":{"0":[0,0],"1":[0,0],"2":[0,0],"3":[0,0],"4":[0,0],"5":[0,0],"6":[0,0],"7":[0,0],"8":[0,0]}}
,"C:\\Projects\\HomeOps\\backend\\src\\api\\routes.ts": {"path":"C:\\Projects\\HomeOps\\backend\\src\\api\\routes.ts","statementMap":{"0":{"start":{"line":11,"column":25},"end":{"line":11,"column":33}},"1":{"start":{"line":14,"column":0},"end":{"line":14,"column":39}},"2":{"start":{"line":15,"column":0},"end":{"line":15,"column":35}},"3":{"start":{"line":18,"column":0},"end":{"line":18,"column":57}},"4":{"start":{"line":19,"column":0},"end":{"line":19,"column":57}},"5":{"start":{"line":20,"column":0},"end":{"line":20,"column":53}},"6":{"start":{"line":21,"column":0},"end":{"line":21,"column":33}},"7":{"start":{"line":24,"column":0},"end":{"line":24,"column":37}},"8":{"start":{"line":27,"column":0},"end":{"line":94,"column":3}},"9":{"start":{"line":28,"column":2},"end":{"line":93,"column":5}}},"fnMap":{"0":{"name":"(anonymous_0)","decl":{"start":{"line":27,"column":19},"end":{"line":27,"column":20}},"loc":{"start":{"line":27,"column":33},"end":{"line":94,"column":1}},"line":27}},"branchMap":{},"s":{"0":0,"1":0,"2":0,"3":0,"4":0,"5":0,"6":0,"7":0,"8":0,"9":0},"f":{"0":0},"b":{}}
,"C:\\Projects\\HomeOps\\backend\\src\\config\\database.ts": {"path":"C:\\Projects\\HomeOps\\backend\\src\\config\\database.ts","statementMap":{"0":{"start":{"line":3,"column":20},"end":{"line":3,"column":50}},"1":{"start":{"line":4,"column":20},"end":{"line":4,"column":91}},"2":{"start":{"line":6,"column":0},"end":{"line":8,"column":1}},"3":{"start":{"line":7,"column":2},"end":{"line":7,"column":92}},"4":{"start":{"line":10,"column":24},"end":{"line":17,"column":2}}},"fnMap":{},"branchMap":{"0":{"loc":{"start":{"line":3,"column":20},"end":{"line":3,"column":50}},"type":"binary-expr","locations":[{"start":{"line":3,"column":20},"end":{"line":3,"column":44}},{"start":{"line":3,"column":48},"end":{"line":3,"column":50}}],"line":3},"1":{"loc":{"start":{"line":4,"column":20},"end":{"line":4,"column":91}},"type":"binary-expr","locations":[{"start":{"line":4,"column":20},"end":{"line":4,"column":52}},{"start":{"line":4,"column":56},"end":{"line":4,"column":85}},{"start":{"line":4,"column":89},"end":{"line":4,"column":91}}],"line":4},"2":{"loc":{"start":{"line":6,"column":0},"end":{"line":8,"column":1}},"type":"if","locations":[{"start":{"line":6,"column":0},"end":{"line":8,"column":1}},{"start":{},"end":{}}],"line":6},"3":{"loc":{"start":{"line":6,"column":4},"end":{"line":6,"column":32}},"type":"binary-expr","locations":[{"start":{"line":6,"column":4},"end":{"line":6,"column":16}},{"start":{"line":6,"column":20},"end":{"line":6,"column":32}}],"line":6}},"s":{"0":0,"1":0,"2":0,"3":0,"4":0},"f":{},"b":{"0":[0,0],"1":[0,0,0],"2":[0,0],"3":[0,0]}}
,"C:\\Projects\\HomeOps\\backend\\src\\routes\\dns.routes.ts": {"path":"C:\\Projects\\HomeOps\\backend\\src\\routes\\dns.routes.ts","statementMap":{"0":{"start":{"line":6,"column":15},"end":{"line":6,"column":23}},"1":{"start":{"line":7,"column":22},"end":{"line":7,"column":41}},"2":{"start":{"line":10,"column":0},"end":{"line":10,"column":47}},"3":{"start":{"line":13,"column":0},"end":{"line":13,"column":27}},"4":{"start":{"line":14,"column":0},"end":{"line":14,"column":57}},"5":{"start":{"line":15,"column":0},"end":{"line":15,"column":63}},"6":{"start":{"line":18,"column":0},"end":{"line":18,"column":92}},"7":{"start":{"line":19,"column":0},"end":{"line":19,"column":99}},"8":{"start":{"line":20,"column":0},"end":{"line":20,"column":99}},"9":{"start":{"line":23,"column":0},"end":{"line":23,"column":92}},"10":{"start":{"line":24,"column":0},"end":{"line":24,"column":92}},"11":{"start":{"line":25,"column":0},"end":{"line":25,"column":105}},"12":{"start":{"line":26,"column":0},"end":{"line":26,"column":107}},"13":{"start":{"line":29,"column":0},"end":{"line":29,"column":94}}},"fnMap":{},"branchMap":{},"s":{"0":0,"1":0,"2":0,"3":0,"4":0,"5":0,"6":0,"7":0,"8":0,"9":0,"10":0,"11":0,"12":0,"13":0},"f":{},"b":{}}
,"C:\\Projects\\HomeOps\\backend\\src\\routes\\monitoring.routes.ts": {"path":"C:\\Projects\\HomeOps\\backend\\src\\routes\\monitoring.routes.ts","statementMap":{"0":{"start":{"line":6,"column":15},"end":{"line":6,"column":23}},"1":{"start":{"line":12,"column":0},"end":{"line":14,"column":2}},"2":{"start":{"line":16,"column":0},"end":{"line":18,"column":2}},"3":{"start":{"line":20,"column":0},"end":{"line":22,"column":2}},"4":{"start":{"line":24,"column":0},"end":{"line":26,"column":2}},"5":{"start":{"line":28,"column":0},"end":{"line":30,"column":2}},"6":{"start":{"line":33,"column":0},"end":{"line":35,"column":2}},"7":{"start":{"line":38,"column":0},"end":{"line":41,"column":2}},"8":{"start":{"line":43,"column":0},"end":{"line":46,"column":2}},"9":{"start":{"line":48,"column":0},"end":{"line":51,"column":2}},"10":{"start":{"line":53,"column":0},"end":{"line":55,"column":2}},"11":{"start":{"line":57,"column":0},"end":{"line":59,"column":2}},"12":{"start":{"line":61,"column":0},"end":{"line":64,"column":2}},"13":{"start":{"line":68,"column":0},"end":{"line":79,"column":3}},"14":{"start":{"line":69,"column":2},"end":{"line":78,"column":5}}},"fnMap":{"0":{"name":"(anonymous_0)","decl":{"start":{"line":68,"column":18},"end":{"line":68,"column":19}},"loc":{"start":{"line":68,"column":32},"end":{"line":79,"column":1}},"line":68}},"branchMap":{},"s":{"0":0,"1":0,"2":0,"3":0,"4":0,"5":0,"6":0,"7":0,"8":0,"9":0,"10":0,"11":0,"12":0,"13":0,"14":0},"f":{"0":0},"b":{}}
,"C:\\Projects\\HomeOps\\components\\futuristic\\index.ts": {"path":"C:\\Projects\\HomeOps\\components\\futuristic\\index.ts","statementMap":{},"fnMap":{},"branchMap":{},"s":{},"f":{},"b":{}}
,"C:\\Projects\\HomeOps\\components\\ui\\Card.tsx": {"path":"C:\\Projects\\HomeOps\\components\\ui\\Card.tsx","statementMap":{},"fnMap":{},"branchMap":{},"s":{},"f":{},"b":{}}
,"C:\\Projects\\HomeOps\\components\\ui\\Input.tsx": {"path":"C:\\Projects\\HomeOps\\components\\ui\\Input.tsx","statementMap":{},"fnMap":{},"branchMap":{},"s":{},"f":{},"b":{}}
,"C:\\Projects\\HomeOps\\hooks\\useAuth.ts": {"path":"C:\\Projects\\HomeOps\\hooks\\useAuth.ts","statementMap":{},"fnMap":{},"branchMap":{},"s":{},"f":{},"b":{}}
}
